<?xml version="1.0" encoding="UTF-8"?>
<!-- Generated by org.testng.reporters.JUnitXMLReporter -->
<testsuite hostname="SirajJafri" ignored="0" name="Test" tests="4" failures="2" timestamp="03 Jun 2018 06:08:24 GMT" time="5.234" errors="0">
  <testcase name="HomePage_Prelogin1" time="0.025" classname="com.qa.test.HomePage_PreloginTest"/>
  <testcase name="verify_url_RegistrationPage" time="5.025" classname="com.qa.test.RegistrationTest">
    <failure type="java.lang.AssertionError" message="expected [https://www.home24.de/] but found [https://www.home24.de/meinkundenkonto/kunde/login]">
      <![CDATA[java.lang.AssertionError: expected [https://www.home24.de/] but found [https://www.home24.de/meinkundenkonto/kunde/login]at com.qa.test.RegistrationTest.verify_url_RegistrationPage(RegistrationTest.java:45)... Removed 31 stack frames]]>
    </failure>
  </testcase> <!-- verify_url_RegistrationPage -->
  <testcase name="verify_url_HomePagePostlogin" time="0.004" classname="com.qa.test.HomePage_PostLoginTest">
    <failure type="java.lang.NullPointerException">
      <![CDATA[java.lang.NullPointerExceptionat com.qa.test.HomePage_PostLoginTest.verify_url_HomePagePostlogin(HomePage_PostLoginTest.java:25)... Removed 25 stack frames]]>
    </failure>
  </testcase> <!-- verify_url_HomePagePostlogin -->
  <testcase name="homePage_LogoDisplayed" time="0.078" classname="com.qa.test.HomePage_PreloginTest"/>
</testsuite> <!-- Test -->
